0 info it worked if it ends with ok
1 verbose cli [ 'C:\\Program Files\\nodejs\\node.exe',
1 verbose cli   'C:\\Users\\B51-80\\AppData\\Roaming\\npm\\node_modules\\npm\\bin\\npm-cli.js',
1 verbose cli   'start' ]
2 info using npm@3.10.8
3 info using node@v5.10.1
4 verbose run-script [ 'prestart', 'start', 'poststart' ]
5 info lifecycle angular2-typescript-gulp@1.0.0~prestart: angular2-typescript-gulp@1.0.0
6 silly lifecycle angular2-typescript-gulp@1.0.0~prestart: no script for prestart, continuing
7 info lifecycle angular2-typescript-gulp@1.0.0~start: angular2-typescript-gulp@1.0.0
8 verbose lifecycle angular2-typescript-gulp@1.0.0~start: unsafe-perm in lifecycle true
9 verbose lifecycle angular2-typescript-gulp@1.0.0~start: PATH: C:\Users\B51-80\AppData\Roaming\npm\node_modules\npm\bin\node-gyp-bin;C:\myProject\springApp2\src\main\webapp\node_modules\.bin;C:\ProgramData\Oracle\Java\javapath;C:\Program Files (x86)\Lenovo\FusionEngine;C:\WINDOWS\system32;C:\WINDOWS;C:\WINDOWS\System32\Wbem;C:\WINDOWS\System32\WindowsPowerShell\v1.0\;C:\Program Files (x86)\Common Files\lenovo\easyplussdk\bin;C:\Program Files\OpenVPN\bin;C:\Program Files\nodejs\;C:\HashiCorp\Vagrant\bin;C:\Program Files\Intel\WiFi\bin\;C:\Program Files\Common Files\Intel\WirelessCommon\;C:\Program Files (x86)\Bitvise SSH Client;C:\Program Files\Git\cmd;C:\Program Files\Git\mingw64\bin;C:\Program Files\Git\usr\bin;C:\Tools\apache-maven-3.2.5\bin;C:\Program Files\MySQL\MySQL Utilities 1.6\;C:\Users\B51-80\AppData\Local\Programs\Python\Python35-32\Scripts\;C:\Users\B51-80\AppData\Local\Programs\Python\Python35-32\;C:\Users\B51-80\AppData\Roaming\npm;C:\Users\B51-80\AppData\Local\Microsoft\WindowsApps;C:\Program Files\Intel\WiFi\bin\;C:\Program Files\Common Files\Intel\WirelessCommon\;C:\Tools\liquibase\lib
10 verbose lifecycle angular2-typescript-gulp@1.0.0~start: CWD: C:\myProject\springApp2\src\main\webapp
11 silly lifecycle angular2-typescript-gulp@1.0.0~start: Args: [ '/d /s /c',
11 silly lifecycle   'concurrent --kill-others "gulp watch" "lite-server"' ]
12 silly lifecycle angular2-typescript-gulp@1.0.0~start: Returned: code: 1  signal: null
13 info lifecycle angular2-typescript-gulp@1.0.0~start: Failed to exec start script
14 verbose stack Error: angular2-typescript-gulp@1.0.0 start: `concurrent --kill-others "gulp watch" "lite-server"`
14 verbose stack Exit status 1
14 verbose stack     at EventEmitter.<anonymous> (C:\Users\B51-80\AppData\Roaming\npm\node_modules\npm\lib\utils\lifecycle.js:255:16)
14 verbose stack     at emitTwo (events.js:100:13)
14 verbose stack     at EventEmitter.emit (events.js:185:7)
14 verbose stack     at ChildProcess.<anonymous> (C:\Users\B51-80\AppData\Roaming\npm\node_modules\npm\lib\utils\spawn.js:40:14)
14 verbose stack     at emitTwo (events.js:100:13)
14 verbose stack     at ChildProcess.emit (events.js:185:7)
14 verbose stack     at maybeClose (internal/child_process.js:850:16)
14 verbose stack     at Process.ChildProcess._handle.onexit (internal/child_process.js:215:5)
15 verbose pkgid angular2-typescript-gulp@1.0.0
16 verbose cwd C:\myProject\springApp2\src\main\webapp
17 error Windows_NT 10.0.14393
18 error argv "C:\\Program Files\\nodejs\\node.exe" "C:\\Users\\B51-80\\AppData\\Roaming\\npm\\node_modules\\npm\\bin\\npm-cli.js" "start"
19 error node v5.10.1
20 error npm  v3.10.8
21 error code ELIFECYCLE
22 error angular2-typescript-gulp@1.0.0 start: `concurrent --kill-others "gulp watch" "lite-server"`
22 error Exit status 1
23 error Failed at the angular2-typescript-gulp@1.0.0 start script 'concurrent --kill-others "gulp watch" "lite-server"'.
23 error Make sure you have the latest version of node.js and npm installed.
23 error If you do, this is most likely a problem with the angular2-typescript-gulp package,
23 error not with npm itself.
23 error Tell the author that this fails on your system:
23 error     concurrent --kill-others "gulp watch" "lite-server"
23 error You can get information on how to open an issue for this project with:
23 error     npm bugs angular2-typescript-gulp
23 error Or if that isn't available, you can get their info via:
23 error     npm owner ls angular2-typescript-gulp
23 error There is likely additional logging output above.
24 verbose exit [ 1, true ]
